INFO - File Downloaded Successfully: https://www.youtube.com/watch?v=6UrcyZ-QeiU
INFO - File Downloaded Successfully: https://www.youtube.com/watch?v=6UrcyZ-QeiU
INFO - File Downloaded Successfully: https://www.youtube.com/watch?v=TDoqoJDX280
INFO - File Downloaded Successfully: https://www.youtube.com/watch?v=rkQZQhloXuE
ERROR - Error downloading video from https://www.youtube.com/watch?v=p36hZJQpLoQ: <urlopen error [WinError 10060] A connection attempt failed because the connected party did not properly respond after a period of time, or established connection failed because connected host has failed to respond>
ERROR - Error downloading video from https://www.youtube.com/watch?v=SI_7UivPW_I: SI_7UivPW_I is unavailable
INFO - File Downloaded Successfully: https://www.youtube.com/watch?v=rkQZQhloXuE
INFO - File Downloaded Successfully: https://www.youtube.com/watch?v=FKp2hBhdj9k
ERROR - Error downloading video from https://www.youtube.com/watch?v=wNS3kifA8-Y: wNS3kifA8-Y is unavailable
INFO - File Downloaded Successfully: https://www.youtube.com/watch?v=Fz1I_Ssr3AE
INFO - File Downloaded Successfully: https://www.youtube.com/watch?v=XtkDeYBnR8o
ERROR - Error downloading video from https://www.youtube.com/watch?v=eXpXg4q-qEQ&t=170s: eXpXg4q-qEQ is a private video
INFO - File Downloaded Successfully: https://www.youtube.com/watch?v=-LB4ENHxcIs
INFO - File Downloaded Successfully: https://www.youtube.com/watch?v=nvaS2J5mcEk
ERROR - Error downloading video from https://www.youtube.com/watch?v=7YYB3BEoksc: 7YYB3BEoksc is a private video
ERROR - Error downloading video from https://www.youtube.com/watch?v=eyu0V3s1-XA: eyu0V3s1-XA is a private video
INFO - File Downloaded Successfully: https://www.youtube.com/watch?v=UoITyyziLOw
INFO - File Downloaded Successfully: https://www.youtube.com/watch?v=Doxjf4SCY4k
INFO - File Downloaded Successfully: https://www.youtube.com/watch?v=hjS0dQDgbjo
INFO - File Downloaded Successfully: https://www.youtube.com/watch?v=yG09SQB0Hds
INFO - File Downloaded Successfully: https://www.youtube.com/watch?v=_rviR_jhCmg
ERROR - Error downloading video from https://www.youtube.com/watch?v=lSxAVvE9sPc: lSxAVvE9sPc is a private video
INFO - File Downloaded Successfully: https://www.youtube.com/watch?v=Q6CfqYwp1ag
INFO - File Downloaded Successfully: https://www.youtube.com/watch?v=Q6CfqYwp1ag
INFO - File Downloaded Successfully: https://www.youtube.com/watch?v=6XcxbPfP5YQ
INFO - File Downloaded Successfully: https://www.youtube.com/watch?v=XtkDeYBnR8o
ERROR - Error downloading video from https://www.youtube.com/watch?v=SI_7UivPW_I: SI_7UivPW_I is unavailable
ERROR - Error downloading video from https://www.youtube.com/watch?v=ygpjKBrb91s: ygpjKBrb91s is unavailable
INFO - File Downloaded Successfully: https://www.youtube.com/watch?v=Eq6SnaimpzQ
INFO - File Downloaded Successfully: https://www.youtube.com/watch?v=Fz1I_Ssr3AE
ERROR - Error downloading video from https://www.youtube.com/watch?v=7YYB3BEoksc: 7YYB3BEoksc is a private video
INFO - File Downloaded Successfully: https://www.youtube.com/watch?v=EKHye1RrCy0
ERROR - Error downloading video from https://www.youtube.com/watch?v=p8OYydc3WQM: p8OYydc3WQM is age restricted, and can't be accessed without logging in.
INFO - File Downloaded Successfully: https://www.youtube.com/watch?v=Q6CfqYwp1ag
INFO - File Downloaded Successfully: https://www.youtube.com/watch?v=TDoqoJDX280
INFO - File Downloaded Successfully: https://www.youtube.com/watch?v=MDQQ9WZNwcc
ERROR - Error downloading video from https://www.youtube.com/watch?v=7YYB3BEoksc: 7YYB3BEoksc is a private video
ERROR - Error downloading video from https://www.youtube.com/watch?v=ygpjKBrb91s: ygpjKBrb91s is unavailable
ERROR - Error downloading video from https://www.youtube.com/watch?v=7YYB3BEoksc: 7YYB3BEoksc is a private video
INFO - File Downloaded Successfully: https://www.youtube.com/watch?v=bXyG4iebEBo
INFO - File Downloaded Successfully: https://www.youtube.com/watch?v=FwGL9FjFpYI&t=1s
INFO - File Downloaded Successfully: https://www.youtube.com/watch?v=xbVVThaez2g
INFO - File Downloaded Successfully: https://www.youtube.com/watch?v=RMUydgQr9TE
ERROR - Error downloading video from https://www.youtube.com/watch?v=RHeFBNVYii4: RHeFBNVYii4 is a private video
ERROR - Error downloading video from https://www.youtube.com/watch?v=LTVv46_N764: LTVv46_N764 is unavailable
INFO - File Downloaded Successfully: https://www.youtube.com/watch?v=FBimL8-ND3E
INFO - File Downloaded Successfully: https://www.youtube.com/watch?v=FBimL8-ND3E
INFO - File Downloaded Successfully: https://www.youtube.com/watch?v=HUMEcnkvhJU&t=862s
ERROR - Error downloading video from https://www.youtube.com/watch?v=S_LEeTt2McM: S_LEeTt2McM is unavailable
ERROR - Error downloading video from https://www.youtube.com/watch?v=9g-hioQapYE: 9g-hioQapYE is age restricted, and can't be accessed without logging in.
INFO - File Downloaded Successfully: https://www.youtube.com/watch?v=cxXEULq9Jpc
ERROR - Error downloading video from https://www.youtube.com/watch?v=gQKqDXE-LJ8: gQKqDXE-LJ8 is a private video
INFO - File Downloaded Successfully: https://www.youtube.com/watch?v=HUMEcnkvhJU&t=862s
INFO - File Downloaded Successfully: https://www.youtube.com/watch?v=sQELZPmche8
ERROR - Error downloading video from https://www.youtube.com/watch?v=iDWntsY_rZM: iDWntsY_rZM is unavailable
ERROR - Error downloading video from https://www.youtube.com/watch?v=iDWntsY_rZM: iDWntsY_rZM is unavailable
INFO - File Downloaded Successfully: https://www.youtube.com/watch?v=2VB3WN8adyM
INFO - File Downloaded Successfully: https://www.youtube.com/watch?v=siQnKSRRg_c
INFO - File Downloaded Successfully: https://www.youtube.com/watch?v=lTLlauTBuVQ
INFO - File Downloaded Successfully: https://www.youtube.com/watch?v=KRrKqGEGdMg
INFO - File Downloaded Successfully: https://www.youtube.com/watch?v=0nTuxPL7RGg
INFO - File Downloaded Successfully: https://www.youtube.com/watch?v=rkQZQhloXuE
ERROR - Error downloading video from https://www.youtube.com/watch?v=yhBt5YS_2L4&t=261s: yhBt5YS_2L4 is a private video
ERROR - Error downloading video from https://www.youtube.com/watch?v=eXpXg4q-qEQ&t=170s: eXpXg4q-qEQ is a private video
ERROR - Error downloading video from https://www.youtube.com/watch?v=zCUZOnKoKWQ: zCUZOnKoKWQ is unavailable
ERROR - Error downloading video from https://www.youtube.com/watch?v=lSxAVvE9sPc: lSxAVvE9sPc is a private video
ERROR - Error downloading video from https://www.youtube.com/watch?v=lSxAVvE9sPc: lSxAVvE9sPc is a private video
INFO - File Downloaded Successfully: https://www.youtube.com/watch?v=siQnKSRRg_c
INFO - File Downloaded Successfully: https://www.youtube.com/watch?v=MDQQ9WZNwcc
ERROR - Error downloading video from https://www.youtube.com/watch?v=Cgh1DXAQBuI: Cgh1DXAQBuI is unavailable
ERROR - Error downloading video from https://www.youtube.com/watch?v=p8OYydc3WQM: p8OYydc3WQM is age restricted, and can't be accessed without logging in.
INFO - File Downloaded Successfully: https://www.youtube.com/watch?v=UoITyyziLOw
INFO - File Downloaded Successfully: https://www.youtube.com/watch?v=siQnKSRRg_c
ERROR - Error downloading video from https://www.youtube.com/watch?v=yJePAnyVcqg: yJePAnyVcqg is unavailable
ERROR - Error downloading video from https://www.youtube.com/watch?v=yJePAnyVcqg: yJePAnyVcqg is unavailable
INFO - File Downloaded Successfully: https://www.youtube.com/watch?v=FKp2hBhdj9k
INFO - File Downloaded Successfully: https://www.youtube.com/watch?v=shPBfkIYYpU
INFO - File Downloaded Successfully: https://www.youtube.com/watch?v=cIjUDNEYWTE
ERROR - Error downloading video from https://www.youtube.com/watch?v=W1gUtNUjWdI: W1gUtNUjWdI is a private video
INFO - File Downloaded Successfully: https://www.youtube.com/watch?v=4Nh1iFv2BMc
ERROR - Error downloading video from https://www.youtube.com/watch?v=SI_7UivPW_I: SI_7UivPW_I is unavailable
ERROR - Error downloading video from https://www.youtube.com/watch?v=SI_7UivPW_I: SI_7UivPW_I is unavailable
ERROR - Error downloading video from https://www.youtube.com/watch?v=BL90-ejIQ9Y: BL90-ejIQ9Y is a private video
INFO - File Downloaded Successfully: https://www.youtube.com/watch?v=SJAhRxI7i9c
INFO - File Downloaded Successfully: https://www.youtube.com/watch?v=FBimL8-ND3E
INFO - File Downloaded Successfully: https://www.youtube.com/watch?v=FBimL8-ND3E
ERROR - Error downloading video from https://www.youtube.com/watch?v=-hzoIOWYJac: <urlopen error [WinError 10060] A connection attempt failed because the connected party did not properly respond after a period of time, or established connection failed because connected host has failed to respond>
INFO - File Downloaded Successfully: https://www.youtube.com/watch?v=sQELZPmche8
ERROR - Error downloading video from https://www.youtube.com/watch?v=iDWntsY_rZM: iDWntsY_rZM is unavailable
INFO - File Downloaded Successfully: https://www.youtube.com/watch?v=DGWErPoCHqw
INFO - File Downloaded Successfully: https://www.youtube.com/watch?v=HUMEcnkvhJU&t=862s
ERROR - Error downloading video from https://www.youtube.com/watch?v=3A0iSc2umlg: 3A0iSc2umlg is unavailable
ERROR - Error downloading video from https://www.youtube.com/watch?v=9g-hioQapYE: 9g-hioQapYE is age restricted, and can't be accessed without logging in.
INFO - File Downloaded Successfully: https://www.youtube.com/watch?v=cxXEULq9Jpc
ERROR - Error downloading video from https://www.youtube.com/watch?v=3A0iSc2umlg: 3A0iSc2umlg is unavailable
INFO - File Downloaded Successfully: https://www.youtube.com/watch?v=g59_3vr_NT0
INFO - File Downloaded Successfully: https://www.youtube.com/watch?v=HUMEcnkvhJU&t=862s
INFO - File Downloaded Successfully: https://www.youtube.com/watch?v=2VB3WN8adyM
ERROR - Error downloading video from https://www.youtube.com/watch?v=BJadr-8uX5U: BJadr-8uX5U is age restricted, and can't be accessed without logging in.
ERROR - Error downloading video from https://www.youtube.com/watch?v=BJadr-8uX5U: BJadr-8uX5U is age restricted, and can't be accessed without logging in.
INFO - File Downloaded Successfully: https://www.youtube.com/watch?v=M1CrNP2izNg
INFO - File Downloaded Successfully: https://www.youtube.com/watch?v=_LGqHR3FhL8
INFO - File Downloaded Successfully: https://www.youtube.com/watch?v=cxXEULq9Jpc
INFO - File Downloaded Successfully: https://www.youtube.com/watch?v=Xq3QAqQXpTM
INFO - File Downloaded Successfully: https://www.youtube.com/watch?v=_LGqHR3FhL8
INFO - File Downloaded Successfully: https://www.youtube.com/watch?v=cxXEULq9Jpc
INFO - File Downloaded Successfully: https://www.youtube.com/watch?v=yG09SQB0Hds
ERROR - Error downloading video from https://www.youtube.com/watch?v=7YYB3BEoksc: 7YYB3BEoksc is a private video
ERROR - Error downloading video from https://www.youtube.com/watch?v=7YYB3BEoksc: 7YYB3BEoksc is a private video
ERROR - Error downloading video from https://www.youtube.com/watch?v=9jUuFHB2m4M: 9jUuFHB2m4M is unavailable
ERROR - Error downloading video from https://www.youtube.com/watch?v=9jUuFHB2m4M: 9jUuFHB2m4M is unavailable
INFO - File Downloaded Successfully: https://www.youtube.com/watch?v=gU5EI_ZTzxw
INFO - File Downloaded Successfully: https://www.youtube.com/watch?v=yG09SQB0Hds
INFO - File Downloaded Successfully: https://www.youtube.com/watch?v=JHFExZgYdwk&t=4s
INFO - File Downloaded Successfully: https://www.youtube.com/watch?v=75BkNdtDsoQ
ERROR - Error downloading video from https://www.youtube.com/watch?v=WbkSmhKTltU: WbkSmhKTltU is unavailable
INFO - File Downloaded Successfully: https://www.youtube.com/watch?v=p36hZJQpLoQ
ERROR - Error downloading video from https://www.youtube.com/watch?v=wRoGQu75wzw: wRoGQu75wzw is unavailable
ERROR - Error downloading video from https://www.youtube.com/watch?v=wRoGQu75wzw: wRoGQu75wzw is unavailable
INFO - File Downloaded Successfully: https://www.youtube.com/watch?v=WxY7E9P46DM
INFO - File Downloaded Successfully: https://www.youtube.com/watch?v=3zoqSvF0Z2A
ERROR - Error downloading video from https://www.youtube.com/watch?v=dbzKXsyAcvY: dbzKXsyAcvY is unavailable
ERROR - Error downloading video from https://www.youtube.com/watch?v=Cgh1DXAQBuI: Cgh1DXAQBuI is unavailable
INFO - File Downloaded Successfully: https://www.youtube.com/watch?v=FVjpLa8GqeM
INFO - File Downloaded Successfully: https://www.youtube.com/watch?v=QB44Vddoi-w
INFO - File Downloaded Successfully: https://www.youtube.com/watch?v=sEjaTTIdHhk
INFO - File Downloaded Successfully: https://www.youtube.com/watch?v=25ymRY7hbjs
INFO - File Downloaded Successfully: https://www.youtube.com/watch?v=Eq6SnaimpzQ
INFO - File Downloaded Successfully: https://www.youtube.com/watch?v=97WDRBCtj0o
ERROR - Error downloading video from https://www.youtube.com/watch?v=7YYB3BEoksc: 7YYB3BEoksc is a private video
ERROR - Error downloading video from https://www.youtube.com/watch?v=p8OYydc3WQM: p8OYydc3WQM is age restricted, and can't be accessed without logging in.
INFO - File Downloaded Successfully: https://www.youtube.com/watch?v=uPKOwziViaw
INFO - File Downloaded Successfully: https://www.youtube.com/watch?v=7iuyJ84wvds
ERROR - Error downloading video from https://www.youtube.com/watch?v=D7UYn37qTkU: D7UYn37qTkU is unavailable
INFO - File Downloaded Successfully: https://www.youtube.com/watch?v=FbBdHdmt5oI
INFO - File Downloaded Successfully: https://www.youtube.com/watch?v=RRzbB2rg4VM
INFO - File Downloaded Successfully: https://www.youtube.com/watch?v=kVIt-qr5P2s
INFO - File Downloaded Successfully: https://www.youtube.com/watch?v=FBimL8-ND3E
INFO - File Downloaded Successfully: https://www.youtube.com/watch?v=eLpHf9bfdsI
INFO - File Downloaded Successfully: https://www.youtube.com/watch?v=H3eHAKpTF70
INFO - File Downloaded Successfully: https://www.youtube.com/watch?v=FBimL8-ND3E
INFO - File Downloaded Successfully: https://www.youtube.com/watch?v=2qLS_mXdrh8
INFO - File Downloaded Successfully: https://www.youtube.com/watch?v=4bVux9Ni2_0
INFO - File Downloaded Successfully: https://www.youtube.com/watch?v=bhSbk9eQPu4
INFO - File Downloaded Successfully: https://www.youtube.com/watch?v=FwGL9FjFpYI&t=1s
ERROR - Error downloading video from https://www.youtube.com/watch?v=3qKcPONtNXQ: 3qKcPONtNXQ is unavailable
INFO - File Downloaded Successfully: https://www.youtube.com/watch?v=HBQaI1ZG-LU
INFO - File Downloaded Successfully: https://www.youtube.com/watch?v=exk-qIRNw7Y
INFO - File Downloaded Successfully: https://www.youtube.com/watch?v=2TQMVwOkHWw
INFO - File Downloaded Successfully: https://www.youtube.com/watch?v=-DMFu-nAsok
INFO - File Downloaded Successfully: https://www.youtube.com/watch?v=K8T0-zeB3jc
ERROR - Error downloading video from https://www.youtube.com/watch?v=6kvCOzxP9_A: 6kvCOzxP9_A is a private video
ERROR - Error downloading video from https://www.youtube.com/watch?v=oRsVMK7sxMQ: oRsVMK7sxMQ is a private video
ERROR - Error downloading video from https://www.youtube.com/watch?v=RMUydgQr9TE: <urlopen error [WinError 10060] A connection attempt failed because the connected party did not properly respond after a period of time, or established connection failed because connected host has failed to respond>
INFO - File Downloaded Successfully: https://www.youtube.com/watch?v=xQR5y_xUtpA
ERROR - Error downloading video from https://www.youtube.com/watch?v=ZgUBU0NNEDU: <urlopen error [WinError 10060] A connection attempt failed because the connected party did not properly respond after a period of time, or established connection failed because connected host has failed to respond>
INFO - File Downloaded Successfully: https://www.youtube.com/watch?v=BEKUHzwnVO8
INFO - File Downloaded Successfully: https://www.youtube.com/watch?v=kZuJalsv_z0
ERROR - Error downloading video from https://www.youtube.com/watch?v=V8DTIPK4QlU: V8DTIPK4QlU is age restricted, and can't be accessed without logging in.
INFO - File Downloaded Successfully: https://www.youtube.com/watch?v=2VB3WN8adyM
ERROR - Error downloading video from https://www.youtube.com/watch?v=pD4QabDQr6M: pD4QabDQr6M is unavailable
INFO - File Downloaded Successfully: https://www.youtube.com/watch?v=xmM5-XsE8Ac
INFO - File Downloaded Successfully: https://www.youtube.com/watch?v=0v4Y9WGhES8
INFO - File Downloaded Successfully: https://www.youtube.com/watch?v=HUMEcnkvhJU&t=862s
INFO - File Downloaded Successfully: https://www.youtube.com/watch?v=HUMEcnkvhJU&t=862s
INFO - File Downloaded Successfully: https://www.youtube.com/watch?v=0v4Y9WGhES8
ERROR - Error downloading video from https://www.youtube.com/watch?v=iDWntsY_rZM: iDWntsY_rZM is unavailable
ERROR - Error downloading video from https://www.youtube.com/watch?v=iDWntsY_rZM: iDWntsY_rZM is unavailable
ERROR - Error downloading video from https://www.youtube.com/watch?v=S_LEeTt2McM: S_LEeTt2McM is unavailable
ERROR - Error downloading video from https://www.youtube.com/watch?v=9g-hioQapYE: 9g-hioQapYE is age restricted, and can't be accessed without logging in.
